This is pdfTeX, Version 3.1415926-1.40.11 (TeX Live 2010) (format=pdflatex 2011.6.14)  1 OCT 2012 11:13
entering extended mode
 \write18 enabled.
 file:line:error style messages enabled.
 %&-line parsing enabled.
**manual.tex
(./manual.tex
LaTeX2e <2009/09/24>
Babel <v3.8l> and hyphenation patterns for english, dumylang, nohyphenation, ge
rman-x-2009-06-19, ngerman-x-2009-06-19, afrikaans, ancientgreek, ibycus, arabi
c, armenian, basque, bulgarian, catalan, pinyin, coptic, croatian, czech, danis
h, dutch, ukenglish, usenglishmax, esperanto, estonian, ethiopic, farsi, finnis
h, french, galician, german, ngerman, swissgerman, monogreek, greek, hungarian,
 icelandic, assamese, bengali, gujarati, hindi, kannada, malayalam, marathi, or
iya, panjabi, tamil, telugu, indonesian, interlingua, irish, italian, kurmanji,
 lao, latin, latvian, lithuanian, mongolian, mongolianlmc, bokmal, nynorsk, pol
ish, portuguese, romanian, russian, sanskrit, serbian, slovak, slovenian, spani
sh, swedish, turkish, turkmen, ukrainian, uppersorbian, welsh, loaded.
(/usr/local/texlive/2010/texmf-dist/tex/latex/base/article.cls
Document Class: article 2007/10/19 v1.4h Standard LaTeX document class
(/usr/local/texlive/2010/texmf-dist/tex/latex/base/size12.clo
File: size12.clo 2007/10/19 v1.4h Standard LaTeX file (size option)
)
\c@part=\count79
\c@section=\count80
\c@subsection=\count81
\c@subsubsection=\count82
\c@paragraph=\count83
\c@subparagraph=\count84
\c@figure=\count85
\c@table=\count86
\abovecaptionskip=\skip41
\belowcaptionskip=\skip42
\bibindent=\dimen102
)
(/usr/local/texlive/2010/texmf-dist/tex/latex/preprint/authblk.sty
Package: authblk 2009/11/18 1.3 (PWD)
\affilsep=\skip43
\@affilsep=\skip44
\c@Maxaffil=\count87
\c@authors=\count88
\c@affil=\count89
)
(/usr/local/texlive/2010/texmf-dist/tex/latex/geometry/geometry.sty
Package: geometry 2010/09/12 v5.6 Page Geometry

(/usr/local/texlive/2010/texmf-dist/tex/latex/graphics/keyval.sty
Package: keyval 1999/03/16 v1.13 key=value parser (DPC)
\KV@toks@=\toks14
)
(/usr/local/texlive/2010/texmf-dist/tex/generic/oberdiek/ifpdf.sty
Package: ifpdf 2011/01/30 v2.3 Provides the ifpdf switch (HO)
Package ifpdf Info: pdfTeX in PDF mode is detected.
)
(/usr/local/texlive/2010/texmf-dist/tex/generic/oberdiek/ifvtex.sty
Package: ifvtex 2010/03/01 v1.5 Switches for detecting VTeX and its modes (HO)
Package ifvtex Info: VTeX not detected.
)
(/usr/local/texlive/2010/texmf-dist/tex/generic/ifxetex/ifxetex.sty
Package: ifxetex 2010/09/12 v0.6 Provides ifxetex conditional
)
\Gm@cnth=\count90
\Gm@cntv=\count91
\c@Gm@tempcnt=\count92
\Gm@bindingoffset=\dimen103
\Gm@wd@mp=\dimen104
\Gm@odd@mp=\dimen105
\Gm@even@mp=\dimen106
\Gm@layoutwidth=\dimen107
\Gm@layoutheight=\dimen108
\Gm@layouthoffset=\dimen109
\Gm@layoutvoffset=\dimen110
\Gm@dimlist=\toks15
)
(/usr/local/texlive/2010/texmf-dist/tex/latex/graphics/graphicx.sty
Package: graphicx 1999/02/16 v1.0f Enhanced LaTeX Graphics (DPC,SPQR)

(/usr/local/texlive/2010/texmf-dist/tex/latex/graphics/graphics.sty
Package: graphics 2009/02/05 v1.0o Standard LaTeX Graphics (DPC,SPQR)

(/usr/local/texlive/2010/texmf-dist/tex/latex/graphics/trig.sty
Package: trig 1999/03/16 v1.09 sin cos tan (DPC)
)
(/usr/local/texlive/2010/texmf-dist/tex/latex/latexconfig/graphics.cfg
File: graphics.cfg 2010/04/23 v1.9 graphics configuration of TeX Live
)
Package graphics Info: Driver file: pdftex.def on input line 91.

(/usr/local/texlive/2010/texmf-dist/tex/latex/pdftex-def/pdftex.def
File: pdftex.def 2011/05/18 v0.06c Graphics/color for pdfTeX

(/usr/local/texlive/2010/texmf-dist/tex/generic/oberdiek/infwarerr.sty
Package: infwarerr 2010/04/08 v1.3 Providing info/warning/message (HO)
)
(/usr/local/texlive/2010/texmf-dist/tex/generic/oberdiek/ltxcmds.sty
Package: ltxcmds 2011/04/18 v1.20 LaTeX kernel commands for general use (HO)
)
\Gread@gobject=\count93
))
\Gin@req@height=\dimen111
\Gin@req@width=\dimen112
)
(/usr/local/texlive/2010/texmf-dist/tex/latex/oberdiek/epstopdf.sty
Package: epstopdf 2010/02/09 v2.5 Conversion with epstopdf on the fly (HO)

(/usr/local/texlive/2010/texmf-dist/tex/latex/oberdiek/epstopdf-base.sty
Package: epstopdf-base 2010/02/09 v2.5 Base part for package epstopdf

(/usr/local/texlive/2010/texmf-dist/tex/latex/oberdiek/grfext.sty
Package: grfext 2010/08/19 v1.1 Managing graphics extensions (HO)

(/usr/local/texlive/2010/texmf-dist/tex/generic/oberdiek/kvdefinekeys.sty
Package: kvdefinekeys 2011/04/07 v1.3 Defining keys (HO)
))
(/usr/local/texlive/2010/texmf-dist/tex/latex/oberdiek/kvoptions.sty
Package: kvoptions 2010/12/23 v3.10 Keyval support for LaTeX options (HO)

(/usr/local/texlive/2010/texmf-dist/tex/generic/oberdiek/kvsetkeys.sty
Package: kvsetkeys 2011/04/07 v1.13 Key value parser (HO)

(/usr/local/texlive/2010/texmf-dist/tex/generic/oberdiek/etexcmds.sty
Package: etexcmds 2011/02/16 v1.5 Prefix for e-TeX command names (HO)

(/usr/local/texlive/2010/texmf-dist/tex/generic/oberdiek/ifluatex.sty
Package: ifluatex 2010/03/01 v1.3 Provides the ifluatex switch (HO)
Package ifluatex Info: LuaTeX not detected.
)
Package etexcmds Info: Could not find \expanded.
(etexcmds)             That can mean that you are not using pdfTeX 1.50 or
(etexcmds)             that some package has redefined \expanded.
(etexcmds)             In the latter case, load this package earlier.
)))
(/usr/local/texlive/2010/texmf-dist/tex/generic/oberdiek/pdftexcmds.sty
Package: pdftexcmds 2011/04/22 v0.16 Utilities of pdfTeX for LuaTeX (HO)
Package pdftexcmds Info: LuaTeX not detected.
Package pdftexcmds Info: \pdf@primitive is available.
Package pdftexcmds Info: \pdf@ifprimitive is available.
Package pdftexcmds Info: \pdfdraftmode found.
)
Package grfext Info: Graphics extension search list:
(grfext)             [.png,.pdf,.jpg,.mps,.jpeg,.jbig2,.jb2,.PNG,.PDF,.JPG,.JPE
G,.JBIG2,.JB2,.eps]
(grfext)             \AppendGraphicsExtensions on input line 452.

(/usr/local/texlive/2010/texmf-dist/tex/latex/latexconfig/epstopdf-sys.cfg
File: epstopdf-sys.cfg 2010/07/13 v1.3 Configuration of (r)epstopdf for TeX Liv
e
)))
(/usr/local/texlive/2010/texmf-dist/tex/latex/amsmath/amsmath.sty
Package: amsmath 2000/07/18 v2.13 AMS math features
\@mathmargin=\skip45

For additional information on amsmath, use the `?' option.
(/usr/local/texlive/2010/texmf-dist/tex/latex/amsmath/amstext.sty
Package: amstext 2000/06/29 v2.01

(/usr/local/texlive/2010/texmf-dist/tex/latex/amsmath/amsgen.sty
File: amsgen.sty 1999/11/30 v2.0
\@emptytoks=\toks16
\ex@=\dimen113
))
(/usr/local/texlive/2010/texmf-dist/tex/latex/amsmath/amsbsy.sty
Package: amsbsy 1999/11/29 v1.2d
\pmbraise@=\dimen114
)
(/usr/local/texlive/2010/texmf-dist/tex/latex/amsmath/amsopn.sty
Package: amsopn 1999/12/14 v2.01 operator names
)
\inf@bad=\count94
LaTeX Info: Redefining \frac on input line 211.
\uproot@=\count95
\leftroot@=\count96
LaTeX Info: Redefining \overline on input line 307.
\classnum@=\count97
\DOTSCASE@=\count98
LaTeX Info: Redefining \ldots on input line 379.
LaTeX Info: Redefining \dots on input line 382.
LaTeX Info: Redefining \cdots on input line 467.
\Mathstrutbox@=\box26
\strutbox@=\box27
\big@size=\dimen115
LaTeX Font Info:    Redeclaring font encoding OML on input line 567.
LaTeX Font Info:    Redeclaring font encoding OMS on input line 568.
\macc@depth=\count99
\c@MaxMatrixCols=\count100
\dotsspace@=\muskip10
\c@parentequation=\count101
\dspbrk@lvl=\count102
\tag@help=\toks17
\row@=\count103
\column@=\count104
\maxfields@=\count105
\andhelp@=\toks18
\eqnshift@=\dimen116
\alignsep@=\dimen117
\tagshift@=\dimen118
\tagwidth@=\dimen119
\totwidth@=\dimen120
\lineht@=\dimen121
\@envbody=\toks19
\multlinegap=\skip46
\multlinetaggap=\skip47
\mathdisplay@stack=\toks20
LaTeX Info: Redefining \[ on input line 2666.
LaTeX Info: Redefining \] on input line 2667.
)
(/usr/local/texlive/2010/texmf-dist/tex/latex/amsfonts/amssymb.sty
Package: amssymb 2009/06/22 v3.00

(/usr/local/texlive/2010/texmf-dist/tex/latex/amsfonts/amsfonts.sty
Package: amsfonts 2009/06/22 v3.00 Basic AMSFonts support
\symAMSa=\mathgroup4
\symAMSb=\mathgroup5
LaTeX Font Info:    Overwriting math alphabet `\mathfrak' in version `bold'
(Font)                  U/euf/m/n --> U/euf/b/n on input line 96.
))
(/usr/local/texlive/2010/texmf-dist/tex/latex/jknapltx/mathrsfs.sty
Package: mathrsfs 1996/01/01 Math RSFS package v1.0 (jk)
\symrsfs=\mathgroup6
)
(/usr/local/texlive/2010/texmf-dist/tex/latex/tools/bm.sty
Package: bm 2004/02/26 v1.1c Bold Symbol Support (DPC/FMi)
\symboldoperators=\mathgroup7
\symboldletters=\mathgroup8
\symboldsymbols=\mathgroup9
LaTeX Font Info:    Redeclaring math alphabet \mathbf on input line 138.
LaTeX Info: Redefining \bm on input line 204.
)
(/usr/local/texlive/2010/texmf-dist/tex/latex/booktabs/booktabs.sty
Package: booktabs 2005/04/14 v1.61803 publication quality tables
\heavyrulewidth=\dimen122
\lightrulewidth=\dimen123
\cmidrulewidth=\dimen124
\belowrulesep=\dimen125
\belowbottomsep=\dimen126
\aboverulesep=\dimen127
\abovetopsep=\dimen128
\cmidrulesep=\dimen129
\cmidrulekern=\dimen130
\defaultaddspace=\dimen131
\@cmidla=\count106
\@cmidlb=\count107
\@aboverulesep=\dimen132
\@belowrulesep=\dimen133
\@thisruleclass=\count108
\@lastruleclass=\count109
\@thisrulewidth=\dimen134
)
(/usr/local/texlive/2010/texmf-dist/tex/latex/tools/verbatim.sty
Package: verbatim 2003/08/22 v1.5q LaTeX2e package for verbatim enhancements
\every@verbatim=\toks21
\verbatim@line=\toks22
\verbatim@in@stream=\read1
)
(/usr/local/texlive/2010/texmf-dist/tex/latex/natbib/natbib.sty
Package: natbib 2010/09/13 8.31b (PWD, AO)
\bibhang=\skip48
\bibsep=\skip49
LaTeX Info: Redefining \cite on input line 694.
\c@NAT@ctr=\count110
)
(/usr/local/texlive/2010/texmf-dist/tex/latex/setspace/setspace.sty
Package: setspace 2000/12/01 6.7 Contributed and Supported LaTeX2e package

Package: `setspace' 6.7 <2000/12/01>
) (/usr/local/texlive/2010/texmf-dist/tex/latex/graphics/lscape.sty
Package: lscape 2000/10/22 v3.01 Landscape Pages (DPC)
)
(/usr/local/texlive/2010/texmf-dist/tex/latex/multirow/multirow.sty
\bigstrutjot=\dimen135
)
(/usr/local/texlive/2010/texmf-dist/tex/latex/oberdiek/grffile.sty
Package: grffile 2010/12/09 v1.13 Extended file name support for graphics (HO)
Package grffile Info: Option `multidot' is set to `true'.
Package grffile Info: Option `extendedchars' is set to `false'.
Package grffile Info: Option `space' is set to `true'.
Package grffile Info: \Gin@ii of package `graphicx' fixed on input line 453.
)
(/usr/local/texlive/2010/texmf-dist/tex/latex/lineno/lineno.sty
Package: lineno 2005/11/02 line numbers on paragraphs v4.41
\linenopenalty=\count111
\output=\toks23
\linenoprevgraf=\count112
\linenumbersep=\dimen136
\linenumberwidth=\dimen137
\c@linenumber=\count113
\c@pagewiselinenumber=\count114
\c@LN@truepage=\count115
\c@internallinenumber=\count116
\c@internallinenumbers=\count117
\quotelinenumbersep=\dimen138
\bframerule=\dimen139
\bframesep=\dimen140
\bframebox=\box28
LaTeX Info: Redefining \\ on input line 3056.
)
(/usr/local/texlive/2010/texmf-dist/tex/latex/tools/enumerate.sty
Package: enumerate 1999/03/05 v3.00 enumerate extensions (DPC)
\@enLab=\toks24
)
(/usr/local/texlive/2010/texmf-dist/tex/latex/tools/multicol.sty
Package: multicol 2008/12/05 v1.6h multicolumn formatting (FMi)
\c@tracingmulticols=\count118
\mult@box=\box29
\multicol@leftmargin=\dimen141
\c@unbalance=\count119
\c@collectmore=\count120
\doublecol@number=\count121
\multicoltolerance=\count122
\multicolpretolerance=\count123
\full@width=\dimen142
\page@free=\dimen143
\premulticols=\dimen144
\postmulticols=\dimen145
\multicolsep=\skip50
\multicolbaselineskip=\skip51
\partial@page=\box30
\last@line=\box31
\mult@rightbox=\box32
\mult@grightbox=\box33
\mult@gfirstbox=\box34
\mult@firstbox=\box35
\@tempa=\box36
\@tempa=\box37
\@tempa=\box38
\@tempa=\box39
\@tempa=\box40
\@tempa=\box41
\@tempa=\box42
\@tempa=\box43
\@tempa=\box44
\@tempa=\box45
\@tempa=\box46
\@tempa=\box47
\@tempa=\box48
\@tempa=\box49
\@tempa=\box50
\@tempa=\box51
\@tempa=\box52
\c@columnbadness=\count124
\c@finalcolumnbadness=\count125
\last@try=\dimen146
\multicolovershoot=\dimen147
\multicolundershoot=\dimen148
\mult@nat@firstbox=\box53
\colbreak@box=\box54
)
(/usr/local/texlive/2010/texmf-dist/tex/latex/url/url.sty
\Urlmuskip=\muskip11
Package: url 2006/04/12  ver 3.3  Verb mode for urls, etc.
)
(/usr/local/texlive/2010/texmf-dist/tex/latex/hyperref/hyperref.sty
Package: hyperref 2011/04/17 v6.82g Hypertext links for LaTeX

(/usr/local/texlive/2010/texmf-dist/tex/generic/oberdiek/hobsub-hyperref.sty
Package: hobsub-hyperref 2011/04/23 v1.4 Bundle oberdiek, subset hyperref (HO)

(/usr/local/texlive/2010/texmf-dist/tex/generic/oberdiek/hobsub-generic.sty
Package: hobsub-generic 2011/04/23 v1.4 Bundle oberdiek, subset generic (HO)
Package: hobsub 2011/04/23 v1.4 Subsetting bundle oberdiek (HO)
Package hobsub Info: Skipping package `infwarerr' (already loaded).
Package hobsub Info: Skipping package `ltxcmds' (already loaded).
Package hobsub Info: Skipping package `ifluatex' (already loaded).
Package hobsub Info: Skipping package `ifvtex' (already loaded).
Package: intcalc 2007/09/27 v1.1 Expandable integer calculations (HO)
Package hobsub Info: Skipping package `ifpdf' (already loaded).
Package hobsub Info: Skipping package `etexcmds' (already loaded).
Package hobsub Info: Skipping package `kvsetkeys' (already loaded).
Package hobsub Info: Skipping package `kvdefinekeys' (already loaded).
Package hobsub Info: Skipping package `pdftexcmds' (already loaded).
Package: pdfescape 2011/04/04 v1.12 Provides string conversions (HO)
Package: bigintcalc 2011/01/30 v1.2 Expandable big integer calculations (HO)
Package: bitset 2011/01/30 v1.1 Data type bit set (HO)
Package: uniquecounter 2011/01/30 v1.2 Provides unlimited unique counter (HO)
)
Package hobsub Info: Skipping package `hobsub' (already loaded).
Package: letltxmacro 2010/09/02 v1.4 Let assignment for LaTeX macros (HO)
Package: hopatch 2011/01/30 v1.0 Wrapper for package hooks (HO)
Package: xcolor-patch 2011/01/30 xcolor patch
Package: atveryend 2011/04/23 v1.7 Hooks at very end of document (HO)
Package atveryend Info: \enddocument detected (standard).
Package: atbegshi 2011/01/30 v1.15 At begin shipout hook (HO)
Package: refcount 2010/12/01 v3.2 Data extraction from references (HO)
Package: hycolor 2011/01/30 v1.7 Color options of hyperref/bookmark (HO)
)
\@linkdim=\dimen149
\Hy@linkcounter=\count126
\Hy@pagecounter=\count127

(/usr/local/texlive/2010/texmf-dist/tex/latex/hyperref/pd1enc.def
File: pd1enc.def 2011/04/17 v6.82g Hyperref: PDFDocEncoding definition (HO)
)
\Hy@SavedSpaceFactor=\count128

(/usr/local/texlive/2010/texmf-dist/tex/latex/latexconfig/hyperref.cfg
File: hyperref.cfg 2002/06/06 v1.2 hyperref configuration of TeXLive
)
Package hyperref Info: Hyper figures OFF on input line 4026.
Package hyperref Info: Link nesting OFF on input line 4031.
Package hyperref Info: Hyper index ON on input line 4034.
Package hyperref Info: Plain pages OFF on input line 4041.
Package hyperref Info: Backreferencing OFF on input line 4046.
Package hyperref Info: Implicit mode ON; LaTeX internals redefined.
Package hyperref Info: Bookmarks ON on input line 4264.
\c@Hy@tempcnt=\count129
LaTeX Info: Redefining \url on input line 4617.
\Fld@menulength=\count130
\Field@Width=\dimen150
\Fld@charsize=\dimen151
Package hyperref Info: Hyper figures OFF on input line 5701.
Package hyperref Info: Link nesting OFF on input line 5706.
Package hyperref Info: Hyper index ON on input line 5709.
Package hyperref Info: backreferencing OFF on input line 5716.
Package hyperref Info: Link coloring OFF on input line 5721.
Package hyperref Info: Link coloring with OCG OFF on input line 5726.
Package hyperref Info: PDF/A mode OFF on input line 5731.
LaTeX Info: Redefining \ref on input line 5771.
LaTeX Info: Redefining \pageref on input line 5775.
\Hy@abspage=\count131
\c@Item=\count132
\c@Hfootnote=\count133
)

Package hyperref Message: Driver (autodetected): hpdftex.

(/usr/local/texlive/2010/texmf-dist/tex/latex/hyperref/hpdftex.def
File: hpdftex.def 2011/04/17 v6.82g Hyperref driver for pdfTeX
\Fld@listcount=\count134
\c@bookmark@seq@number=\count135

(/usr/local/texlive/2010/texmf-dist/tex/latex/oberdiek/rerunfilecheck.sty
Package: rerunfilecheck 2011/04/15 v1.7 Rerun checks for auxiliary files (HO)
Package uniquecounter Info: New unique counter `rerunfilecheck' on input line 2
82.
)
\Hy@SectionHShift=\skip52
)
(/usr/local/texlive/2010/texmf-dist/tex/latex/caption/caption.sty
Package: caption 2010/01/09 v3.1m Customizing captions (AR)

(/usr/local/texlive/2010/texmf-dist/tex/latex/caption/caption3.sty
Package: caption3 2010/01/14 v3.1m caption3 kernel (AR)
\captionmargin=\dimen152
\captionmargin@=\dimen153
\captionwidth=\dimen154
\caption@indent=\dimen155
\caption@parindent=\dimen156
\caption@hangindent=\dimen157
)
\c@ContinuedFloat=\count136
Package caption Info: hyperref package is loaded.
)
(/usr/local/texlive/2010/texmf-dist/tex/latex/xcolor/xcolor.sty
Package: xcolor 2007/01/21 v2.11 LaTeX color extensions (UK)

(/usr/local/texlive/2010/texmf-dist/tex/latex/latexconfig/color.cfg
File: color.cfg 2007/01/18 v1.5 color configuration of teTeX/TeXLive
)
Package xcolor Info: Driver file: pdftex.def on input line 225.
Package xcolor Info: Model `cmy' substituted by `cmy0' on input line 1337.
Package xcolor Info: Model `hsb' substituted by `rgb' on input line 1341.
Package xcolor Info: Model `RGB' extended on input line 1353.
Package xcolor Info: Model `HTML' substituted by `rgb' on input line 1355.
Package xcolor Info: Model `Hsb' substituted by `hsb' on input line 1356.
Package xcolor Info: Model `tHsb' substituted by `hsb' on input line 1357.
Package xcolor Info: Model `HSB' substituted by `hsb' on input line 1358.
Package xcolor Info: Model `Gray' substituted by `gray' on input line 1359.
Package xcolor Info: Model `wave' substituted by `hsb' on input line 1360.
)
Package hyperref Info: Option `colorlinks' set `true' on input line 48.

(../../trackchanges-0.7.0/LatexPackage/trackchanges.sty

LaTeX Warning: You have requested package `../../trackchanges-0.7.0/LatexPackag
e/trackchanges',
               but the package provides `trackchanges'.

Package: trackchanges 2009/04/22 v0.7.0 TrackChanges file 
(/usr/local/texlive/2010/texmf-dist/tex/latex/base/ifthen.sty
Package: ifthen 2001/05/26 v1.1c Standard LaTeX ifthen package (DPC)
)
(/usr/local/texlive/2010/texmf-dist/tex/latex/tools/calc.sty
Package: calc 2007/08/22 v4.3 Infix arithmetic (KKT,FJ)
\calc@Acount=\count137
\calc@Bcount=\count138
\calc@Adimen=\dimen158
\calc@Bdimen=\dimen159
\calc@Askip=\skip53
\calc@Bskip=\skip54
LaTeX Info: Redefining \setlength on input line 76.
LaTeX Info: Redefining \addtolength on input line 77.
\calc@Ccount=\count139
\calc@Cskip=\skip55
)
(/usr/local/texlive/2010/texmf-dist/tex/latex/soul/soul.sty
Package: soul 2003/11/17 v2.4 letterspacing/underlining (mf)
\SOUL@word=\toks25
\SOUL@lasttoken=\toks26
\SOUL@cmds=\toks27
\SOUL@buffer=\toks28
\SOUL@token=\toks29
\SOUL@spaceskip=\skip56
\SOUL@ttwidth=\dimen160
\SOUL@uldp=\dimen161
\SOUL@ulht=\dimen162
)
(/usr/local/texlive/2010/texmf-dist/tex/latex/morefloats/morefloats.sty
Package: morefloats 2011/02/01 v1.0d Increase limit of unprocessed floats (HMM;
 DH)
\c@maxfloats=\count140


Package maxfloats Warning: 
(maxfloats)                Maximum number of possible floats asked for: 36.
(maxfloats)                LaTeX might run out of dimensions or memory
(maxfloats)                before this (in which case it will notify you).
(maxfloats)                 on input line 127.

\bx@S=\insert233
\bx@T=\insert232
\bx@U=\insert231
\bx@V=\insert230
\bx@W=\insert229
\bx@X=\insert228
\bx@Y=\insert227
\bx@Z=\insert226
\bx@AA=\insert225
\bx@AB=\insert224
\bx@AC=\insert223
\bx@AD=\insert222
\bx@AE=\insert221
\bx@AF=\insert220
\bx@AG=\insert219
\bx@AH=\insert218
\bx@AI=\insert217
\bx@AJ=\insert216
)
\c@userid=\count141
\c@changenumber=\count142
\c@storefootnote=\count143
\c@numeditors=\count144
\c@maxeditors=\count145
) (./manual.aux)
\openout1 = `manual.aux'.

LaTeX Font Info:    Checking defaults for OML/cmm/m/it on input line 94.
LaTeX Font Info:    ... okay on input line 94.
LaTeX Font Info:    Checking defaults for T1/cmr/m/n on input line 94.
LaTeX Font Info:    ... okay on input line 94.
LaTeX Font Info:    Checking defaults for OT1/cmr/m/n on input line 94.
LaTeX Font Info:    ... okay on input line 94.
LaTeX Font Info:    Checking defaults for OMS/cmsy/m/n on input line 94.
LaTeX Font Info:    ... okay on input line 94.
LaTeX Font Info:    Checking defaults for OMX/cmex/m/n on input line 94.
LaTeX Font Info:    ... okay on input line 94.
LaTeX Font Info:    Checking defaults for U/cmr/m/n on input line 94.
LaTeX Font Info:    ... okay on input line 94.
LaTeX Font Info:    Checking defaults for PD1/pdf/m/n on input line 94.
LaTeX Font Info:    ... okay on input line 94.

*geometry* driver: auto-detecting
*geometry* detected driver: pdftex
*geometry* verbose mode - [ preamble ] result:
* driver: pdftex
* paper: letterpaper
* layout: <same size as paper>
* layoutoffset:(h,v)=(0.0pt,0.0pt)
* modes: 
* h-part:(L,W,R)=(72.26999pt, 469.75502pt, 72.26999pt)
* v-part:(T,H,B)=(72.26999pt, 650.43001pt, 72.26999pt)
* \paperwidth=614.295pt
* \paperheight=794.96999pt
* \textwidth=469.75502pt
* \textheight=650.43001pt
* \oddsidemargin=0.0pt
* \evensidemargin=0.0pt
* \topmargin=-37.0pt
* \headheight=12.0pt
* \headsep=25.0pt
* \topskip=12.0pt
* \footskip=30.0pt
* \marginparwidth=44.0pt
* \marginparsep=10.0pt
* \columnsep=10.0pt
* \skip\footins=10.8pt plus 4.0pt minus 2.0pt
* \hoffset=0.0pt
* \voffset=0.0pt
* \mag=1000
* \@twocolumnfalse
* \@twosidefalse
* \@mparswitchfalse
* \@reversemarginfalse
* (1in=72.27pt=25.4mm, 1cm=28.453pt)

(/usr/local/texlive/2010/texmf-dist/tex/context/base/supp-pdf.mkii
[Loading MPS to PDF converter (version 2006.09.02).]
\scratchcounter=\count146
\scratchdimen=\dimen163
\scratchbox=\box55
\nofMPsegments=\count147
\nofMParguments=\count148
\everyMPshowfont=\toks30
\MPscratchCnt=\count149
\MPscratchDim=\dimen164
\MPnumerator=\count150
\everyMPtoPDFconversion=\toks31
)
\AtBeginShipoutBox=\box56
Package hyperref Info: Link coloring ON on input line 94.
 (/usr/local/texlive/2010/texmf-dist/tex/latex/hyperref/nameref.sty
Package: nameref 2010/04/30 v2.40 Cross-referencing by name of section

(/usr/local/texlive/2010/texmf-dist/tex/generic/oberdiek/gettitlestring.sty
Package: gettitlestring 2010/12/03 v1.4 Cleanup title references (HO)
)
\c@section@level=\count151
)
LaTeX Info: Redefining \ref on input line 94.
LaTeX Info: Redefining \pageref on input line 94.
LaTeX Info: Redefining \nameref on input line 94.

(./manual.out) (./manual.out)
\@outlinefile=\write3
\openout3 = `manual.out'.

Package caption Info: Begin \AtBeginDocument code.
Package caption Info: End \AtBeginDocument code.
LaTeX Font Info:    Try loading font information for U+msa on input line 96.

(/usr/local/texlive/2010/texmf-dist/tex/latex/amsfonts/umsa.fd
File: umsa.fd 2009/06/22 v3.00 AMS symbols A
)
LaTeX Font Info:    Try loading font information for U+msb on input line 96.

(/usr/local/texlive/2010/texmf-dist/tex/latex/amsfonts/umsb.fd
File: umsb.fd 2009/06/22 v3.00 AMS symbols B
)
LaTeX Font Info:    Try loading font information for U+rsfs on input line 96.

(/usr/local/texlive/2010/texmf-dist/tex/latex/jknapltx/ursfs.fd
File: ursfs.fd 1998/03/24 rsfs font definition file (jk)
) [1

{/usr/local/texlive/2010/texmf-var/fonts/map/pdftex/updmap/pdftex.map}] (./manu
al.toc)
\tf@toc=\write4
\openout4 = `manual.toc'.

pdfTeX warning (ext4): destination with the same identifier (name{page.1}) has 
been already used, duplicate ignored
<to be read again> 
                   \relax 
l.101 \newpage
               [1] [2]
Overfull \hbox (13.73245pt too wide) in paragraph at lines 129--142
\OT1/cmtt/m/n/12 python . org / library/$[][]\OT1/cmr/m/n/12 ), in-clud-ing \OT
1/cmtt/m/n/12 os\OT1/cmr/m/n/12 , \OT1/cmtt/m/n/12 sys\OT1/cmr/m/n/12 , \OT1/cm
tt/m/n/12 ConfigParser(argparse)\OT1/cmr/m/n/12 , \OT1/cmtt/m/n/12 optparse\OT1
/cmr/m/n/12 , \OT1/cmtt/m/n/12 contextlib\OT1/cmr/m/n/12 ,
 []


Overfull \hbox (11.41165pt too wide) in paragraph at lines 163--167
\OT1/cmtt/m/n/12 Frameworks / Python . framework / Versions / 2 . 7$[][] \OT1/c
mr/m/n/12 for this case. Cor-re-spond-ing pack-ages Numpy,
 []

[3] [4] [5] [6]
Overfull \hbox (0.49773pt too wide) in paragraph at lines 316--324
\OT1/cmtt/m/n/12 usage _ faq . html # what -[] is -[] a -[] backend$[][] \OT1/c
mr/m/n/12 and [][]$\OT1/cmtt/m/n/12 http : / / matplotlib . org / users / custo
mizing .
 []


Overfull \hbox (6.02095pt too wide) in paragraph at lines 350--415
 [][] 
 []


LaTeX Warning: `!h' float specifier changed to `!ht'.

[7] [8]
Overfull \hbox (11.08388pt too wide) in paragraph at lines 431--434
[][]$\OT1/cmtt/m/n/12 <[]pkg -[] install -[] dir >[] /pysmo -[] aimbat -[] 0 . 
1 . 1 / example / Event _ 2011 . 09 . 15 . 19 . 31 . 04 . 080$[][] \OT1/cmr/m/n
/12 (re-
 []

<figs/prog-egsac.png, id=215, 731.73375pt x 778.91pt>
File: figs/prog-egsac.png Graphic file (type png)

<use figs/prog-egsac.png>
Package pdftex.def Info: figs/prog-egsac.png used on input line 437.
(pdftex.def)             Requested size: 422.77664pt x 450.03288pt.

Underfull \hbox (badness 1521) in paragraph at lines 438--438
[]\OT1/cmr/bx/n/12 Figure 1: |\OT1/cmr/m/n/12 The \OT1/cmtt/m/n/12 <pkg-install
-dir>/pysmo-aimbat-0.1.1/scripts/egsac.py \OT1/cmr/m/n/12 script
 []

[9 <./figs/prog-egsac.png (PNG copy)>]
<figs/egsac-109c.pdf, id=225, 876.27374pt x 298.11375pt>
File: figs/egsac-109c.pdf Graphic file (type pdf)

<use figs/egsac-109c.pdf>
Package pdftex.def Info: figs/egsac-109c.pdf used on input line 462.
(pdftex.def)             Requested size: 465.06004pt x 158.21788pt.
 [10 <./figs/egsac-109c.pdf>]
<figs/help-sac2pkl.png, id=267, 808.01875pt x 304.13625pt>
File: figs/help-sac2pkl.png Graphic file (type png)

<use figs/help-sac2pkl.png>
Package pdftex.def Info: figs/help-sac2pkl.png used on input line 512.
(pdftex.def)             Requested size: 441.57086pt x 166.20807pt.

Overfull \hbox (24.44714pt too wide) in paragraph at lines 517--520
[]\OT1/cmr/m/n/12 See the doc string of \OT1/cmtt/m/n/12 pysmo.aimbat.sacpickle
 \OT1/cmr/m/n/12 (type "\OT1/cmtt/m/n/12 from pysmo.aimbat import sacpickle;
 []

<figs/help-sacplot.png, id=269, 855.195pt x 829.0975pt>
File: figs/help-sacplot.png Graphic file (type png)

<use figs/help-sacplot.png>
Package pdftex.def Info: figs/help-sacplot.png used on input line 536.
(pdftex.def)             Requested size: 441.57086pt x 428.09695pt.
 [11 <./figs/help-sac2pkl.png (PNG copy)>]
<figs/help-sacppk.png, id=281, 845.1575pt x 806.01125pt>
File: figs/help-sacppk.png Graphic file (type png)

<use figs/help-sacppk.png>
Package pdftex.def Info: figs/help-sacppk.png used on input line 550.
(pdftex.def)             Requested size: 441.57086pt x 421.13295pt.


LaTeX Warning: `!h' float specifier changed to `!ht'.

<figs/prog-egplot.png, id=282, 788.9475pt x 895.345pt>
File: figs/prog-egplot.png Graphic file (type png)

<use figs/prog-egplot.png>
Package pdftex.def Info: figs/prog-egplot.png used on input line 559.
(pdftex.def)             Requested size: 441.57086pt x 501.11655pt.
 <figs/egplot.png, id=285, 650.43pt x 867.24pt>
File: figs/egplot.png Graphic file (type png)

<use figs/egplot.png>
Package pdftex.def Info: figs/egplot.png used on input line 567.
(pdftex.def)             Requested size: 422.77664pt x 563.71257pt.
 [12 <./figs/help-sacplot.png (PNG copy)>] [13 <./figs/help-sacppk.png (PNG cop
y)>] [14 <./figs/prog-egplot.png (PNG copy)>] [15 <./figs/egplot.png>] [16] <fi
gs/sacppk.png, id=325, 1086.0575pt x 981.6675pt>
File: figs/sacppk.png Graphic file (type png)

<use figs/sacppk.png>
Package pdftex.def Info: figs/sacppk.png used on input line 649.
(pdftex.def)             Requested size: 441.57086pt x 399.13098pt.
 [17 <./figs/sacppk.png>]
<figs/help-iccs.png, id=334, 841.1425pt x 653.44125pt>
File: figs/help-iccs.png Graphic file (type png)

<use figs/help-iccs.png>
Package pdftex.def Info: figs/help-iccs.png used on input line 714.
(pdftex.def)             Requested size: 441.57086pt x 343.03188pt.

<figs/help-mccc.png, id=335, 832.10875pt x 680.5425pt>
File: figs/help-mccc.png Graphic file (type png)

<use figs/help-mccc.png>
Package pdftex.def Info: figs/help-mccc.png used on input line 722.
(pdftex.def)             Requested size: 441.57086pt x 361.14272pt.
 [18] [19 <./figs/help-iccs.png (PNG copy)>]

LaTeX Warning: `!h' float specifier changed to `!ht'.

[20 <./figs/help-mccc.png (PNG copy)>]
LaTeX Font Info:    Try loading font information for OMS+cmr on input line 791.


(/usr/local/texlive/2010/texmf-dist/tex/latex/base/omscmr.fd
File: omscmr.fd 1999/05/25 v2.5h Standard LaTeX font definitions
)
LaTeX Font Info:    Font shape `OMS/cmr/m/n' in size <12> not available
(Font)              Font shape `OMS/cmsy/m/n' tried instead on input line 791.
 [21]
<figs/help-ttpick.png, id=370, 855.195pt x 958.58125pt>
File: figs/help-ttpick.png Graphic file (type png)

<use figs/help-ttpick.png>
Package pdftex.def Info: figs/help-ttpick.png used on input line 808.
(pdftex.def)             Requested size: 441.57086pt x 494.95471pt.
 [22 <./figs/help-ttpick.png (PNG copy)>]
<figs/snapshots/ttpick-r1-s1-all.png, id=380, 1136.245pt x 1088.065pt>
File: figs/snapshots/ttpick-r1-s1-all.png Graphic file (type png)

<use figs/snapshots/ttpick-r1-s1-all.png>
Package pdftex.def Info: figs/snapshots/ttpick-r1-s1-all.png used on input line
 833.
(pdftex.def)             Requested size: 441.57086pt x 422.84943pt.

<figs/snapshots/ttpick-r1-s1-rerun.png, id=381, 1136.245pt x 1088.065pt>
File: figs/snapshots/ttpick-r1-s1-rerun.png Graphic file (type png)

<use figs/snapshots/ttpick-r1-s1-rerun.png>
Package pdftex.def Info: figs/snapshots/ttpick-r1-s1-rerun.png used on input li
ne 843.
(pdftex.def)             Requested size: 232.06052pt x 222.20804pt.

<figs/snapshots/ttpick-r1-s1-sync.png, id=382, 1136.245pt x 1088.065pt>
File: figs/snapshots/ttpick-r1-s1-sync.png Graphic file (type png)

<use figs/snapshots/ttpick-r1-s1-sync.png>
Package pdftex.def Info: figs/snapshots/ttpick-r1-s1-sync.png used on input lin
e 844.
(pdftex.def)             Requested size: 232.06052pt x 222.20804pt.


LaTeX Warning: `!h' float specifier changed to `!ht'.

<figs/snapshots/ttpick-r2-s1.png, id=383, 1136.245pt x 1088.065pt>
File: figs/snapshots/ttpick-r2-s1.png Graphic file (type png)

<use figs/snapshots/ttpick-r2-s1.png>
Package pdftex.def Info: figs/snapshots/ttpick-r2-s1.png used on input line 856
.
(pdftex.def)             Requested size: 232.06052pt x 222.20804pt.

<figs/snapshots/ttpick-r2-s0.png, id=384, 1136.245pt x 1088.065pt>
File: figs/snapshots/ttpick-r2-s0.png Graphic file (type png)

<use figs/snapshots/ttpick-r2-s0.png>
Package pdftex.def Info: figs/snapshots/ttpick-r2-s0.png used on input line 857
.
(pdftex.def)             Requested size: 232.06052pt x 222.20804pt.

Underfull \hbox (badness 1509) in paragraph at lines 861--861
[]\OT1/cmr/bx/n/12 Figure 14: |\OT1/cmr/m/n/12 (A) Run ICCS step (c) by click-i
ng the \OT1/cmtt/m/n/12 ICCS-B \OT1/cmr/m/n/12 But-ton. Rel-a-tive
 []


LaTeX Warning: `!h' float specifier changed to `!ht'.

<figs/snapshots/ttpick-r2-st-decrease.png, id=385, 1136.245pt x 1088.065pt>
File: figs/snapshots/ttpick-r2-st-decrease.png Graphic file (type png)

<use figs/snapshots/ttpick-r2-st-decrease.png>
Package pdftex.def Info: figs/snapshots/ttpick-r2-st-decrease.png used on input
 line 868.
(pdftex.def)             Requested size: 232.06052pt x 222.20804pt.

<figs/snapshots/ttpick-r2-st-increase.png, id=386, 1136.245pt x 1088.065pt>
File: figs/snapshots/ttpick-r2-st-increase.png Graphic file (type png)

<use figs/snapshots/ttpick-r2-st-increase.png>
Package pdftex.def Info: figs/snapshots/ttpick-r2-st-increase.png used on input
 line 869.
(pdftex.def)             Requested size: 232.06052pt x 222.20804pt.

Underfull \hbox (badness 3954) in paragraph at lines 872--872
[]\OT1/cmr/bx/n/12 Figure 15: |\OT1/cmr/m/n/12 (A) Sort seis-mo-grams by time p
ick dif-fer-ence in in-crease or-der
 []


Underfull \hbox (badness 4266) in paragraph at lines 872--872
\OT1/cmr/m/n/12 seis-mo-grams by time pick dif-fer-ence in de-crease or-der by 
run-ning \OT1/cmtt/m/n/12 "ttpick.py
 []


LaTeX Warning: `!h' float specifier changed to `!ht'.

<figs/snapshots/ttpick-r3-s0.png, id=387, 1136.245pt x 1088.065pt>
File: figs/snapshots/ttpick-r3-s0.png Graphic file (type png)

<use figs/snapshots/ttpick-r3-s0.png>
Package pdftex.def Info: figs/snapshots/ttpick-r3-s0.png used on input line 881
.
(pdftex.def)             Requested size: 232.06052pt x 222.20804pt.

<figs/snapshots/ttpick-r3-sdist.png, id=388, 1136.245pt x 1088.065pt>
File: figs/snapshots/ttpick-r3-sdist.png Graphic file (type png)

<use figs/snapshots/ttpick-r3-sdist.png>
Package pdftex.def Info: figs/snapshots/ttpick-r3-sdist.png used on input line 
882.
(pdftex.def)             Requested size: 232.06052pt x 222.20804pt.


LaTeX Warning: `!h' float specifier changed to `!ht'.

[23 <./figs/snapshots/ttpick-r1-s1-all.png>]

LaTeX Warning: Text page 24 contains only floats.


Overfull \vbox (1.23567pt too high) has occurred while \output is active []


[24 <./figs/snapshots/ttpick-r1-s1-rerun.png> <./figs/snapshots/ttpick-r1-s1-sy
nc.png> <./figs/snapshots/ttpick-r2-s1.png> <./figs/snapshots/ttpick-r2-s0.png>
]

LaTeX Warning: Text page 25 contains only floats.

[25 <./figs/snapshots/ttpick-r2-st-decrease.png> <./figs/snapshots/ttpick-r2-st
-increase.png> <./figs/snapshots/ttpick-r3-s0.png> <./figs/snapshots/ttpick-r3-
sdist.png>]
Overfull \hbox (55.618pt too wide) in paragraph at lines 993--994
[]\OT1/cmtt/m/n/12 example/Event[]2011.09.15.19.31.04.08/  
 []

[26] (./manual.bbl)
Package atveryend Info: Empty hook `BeforeClearDocument' on input line 1027.
 [27]
Package atveryend Info: Empty hook `AfterLastShipout' on input line 1027.
 (./manual.aux)
Package atveryend Info: Executing hook `AtVeryEndDocument' on input line 1027.
Package atveryend Info: Executing hook `AtEndAfterFileList' on input line 1027.

Package rerunfilecheck Info: File `manual.out' has not changed.
(rerunfilecheck)             Checksum: 6A36DEAD6999474A231F5FD5EF82F131;1533.
Package atveryend Info: Empty hook `AtVeryVeryEnd' on input line 1027.
 )
(\end occurred inside a group at level 1)

### semi simple group (level 1) entered at line 22 (\begingroup)
### bottom level 
Here is how much of TeX's memory you used:
 9332 strings out of 493763
 137812 string characters out of 3144954
 254749 words of memory out of 3000000
 12369 multiletter control sequences out of 15000+200000
 21724 words of font info for 83 fonts, out of 3000000 for 9000
 715 hyphenation exceptions out of 8191
 42i,10n,42p,473b,5900s stack positions out of 5000i,500n,10000p,200000b,50000s
</usr/local/texlive/2010/texmf-dist/fonts/type1/public/amsfonts
/cm/cmbx12.pfb></usr/local/texlive/2010/texmf-dist/fonts/type1/public/amsfonts/
cm/cmbx8.pfb></usr/local/texlive/2010/texmf-dist/fonts/type1/public/amsfonts/cm
/cmmi12.pfb></usr/local/texlive/2010/texmf-dist/fonts/type1/public/amsfonts/cm/
cmmi6.pfb></usr/local/texlive/2010/texmf-dist/fonts/type1/public/amsfonts/cm/cm
mi8.pfb></usr/local/texlive/2010/texmf-dist/fonts/type1/public/amsfonts/cm/cmr1
0.pfb></usr/local/texlive/2010/texmf-dist/fonts/type1/public/amsfonts/cm/cmr12.
pfb></usr/local/texlive/2010/texmf-dist/fonts/type1/public/amsfonts/cm/cmr17.pf
b></usr/local/texlive/2010/texmf-dist/fonts/type1/public/amsfonts/cm/cmr6.pfb><
/usr/local/texlive/2010/texmf-dist/fonts/type1/public/amsfonts/cm/cmr8.pfb></us
r/local/texlive/2010/texmf-dist/fonts/type1/public/amsfonts/cm/cmsy10.pfb></usr
/local/texlive/2010/texmf-dist/fonts/type1/public/amsfonts/cm/cmsy6.pfb></usr/l
ocal/texlive/2010/texmf-dist/fonts/type1/public/amsfonts/cm/cmsy8.pfb></usr/loc
al/texlive/2010/texmf-dist/fonts/type1/public/amsfonts/cm/cmti12.pfb></usr/loca
l/texlive/2010/texmf-dist/fonts/type1/public/amsfonts/cm/cmtt12.pfb></usr/local
/texlive/2010/texmf-dist/fonts/type1/public/amsfonts/cm/cmtt8.pfb>
Output written on manual.pdf (28 pages, 4780882 bytes).
PDF statistics:
 498 PDF objects out of 1000 (max. 8388607)
 383 compressed objects within 4 object streams
 81 named destinations out of 1000 (max. 500000)
 269 words of extra memory for PDF output out of 10000 (max. 10000000)

